
   Program: 
  1   VarDecl: 
         Type: int
  1      Identifier: a
  2   VarDecl: 
  2      ArrayType: 
            Type: int
  2      Identifier: b
  4   FnDecl: 
         (return type) Type: int
  4      Identifier: tester
  4      (formals) VarDecl: 
            Type: int
  4         Identifier: d
         (body) StmtBlock: 
  8   FnDecl: 
         (return type) Type: void
  8      Identifier: main
         (body) StmtBlock: 
  9         VarDecl: 
               Type: int
  9            Identifier: a
 10         VarDecl: 
               Type: int
 10            Identifier: c
